<?xml version="1.0" encoding="UTF-8"?>
<testng-results skipped="0" failed="0" ignored="0" total="2" passed="2">
  <reporter-output>
  </reporter-output>
  <suite name="Suite" duration-ms="40395" started-at="2018-08-12T05:42:09Z" finished-at="2018-08-12T05:42:50Z">
    <groups>
    </groups>
    <test name="Test" duration-ms="40395" started-at="2018-08-12T05:42:09Z" finished-at="2018-08-12T05:42:50Z">
      <class name="testCasesPOM.TC001_CreateLead">
        <test-method status="PASS" signature="beforeSuite()[pri:0, instance:testCasesPOM.TC001_CreateLead@149cea0]" name="beforeSuite" is-config="true" duration-ms="354" started-at="2018-08-12T05:42:09Z" finished-at="2018-08-12T05:42:09Z">
          <reporter-output>
          </reporter-output>
        </test-method> <!-- beforeSuite -->
        <test-method status="PASS" signature="setValues()[pri:0, instance:testCasesPOM.TC001_CreateLead@149cea0]" name="setValues" is-config="true" duration-ms="0" started-at="2018-08-12T05:42:09Z" finished-at="2018-08-12T05:42:09Z">
          <reporter-output>
          </reporter-output>
        </test-method> <!-- setValues -->
        <test-method status="PASS" signature="beforeClass()[pri:0, instance:testCasesPOM.TC001_CreateLead@149cea0]" name="beforeClass" is-config="true" duration-ms="2" started-at="2018-08-12T05:42:09Z" finished-at="2018-08-12T05:42:09Z">
          <reporter-output>
          </reporter-output>
        </test-method> <!-- beforeClass -->
        <test-method status="PASS" signature="beforeMethod()[pri:0, instance:testCasesPOM.TC001_CreateLead@149cea0]" name="beforeMethod" is-config="true" duration-ms="7497" started-at="2018-08-12T05:42:10Z" finished-at="2018-08-12T05:42:17Z">
          <reporter-output>
          </reporter-output>
        </test-method> <!-- beforeMethod -->
        <test-method status="PASS" signature="createLead(java.lang.String, java.lang.String, java.lang.String, java.lang.String, java.lang.String, java.lang.String)[pri:0, instance:testCasesPOM.TC001_CreateLead@149cea0]" name="createLead" duration-ms="11697" started-at="2018-08-12T05:42:17Z" data-provider="getData" finished-at="2018-08-12T05:42:29Z">
          <params>
            <param index="0">
              <value>
                <![CDATA[DemoSalesManager]]>
              </value>
            </param>
            <param index="1">
              <value>
                <![CDATA[crmsfa]]>
              </value>
            </param>
            <param index="2">
              <value>
                <![CDATA[CPT]]>
              </value>
            </param>
            <param index="3">
              <value>
                <![CDATA[Rohithkumar]]>
              </value>
            </param>
            <param index="4">
              <value>
                <![CDATA[M]]>
              </value>
            </param>
            <param index="5">
              <value>
                <![CDATA[962258666]]>
              </value>
            </param>
          </params>
          <reporter-output>
          </reporter-output>
        </test-method> <!-- createLead -->
        <test-method status="PASS" signature="afterMethod()[pri:0, instance:testCasesPOM.TC001_CreateLead@149cea0]" name="afterMethod" is-config="true" duration-ms="748" started-at="2018-08-12T05:42:29Z" finished-at="2018-08-12T05:42:30Z">
          <reporter-output>
          </reporter-output>
        </test-method> <!-- afterMethod -->
        <test-method status="PASS" signature="beforeMethod()[pri:0, instance:testCasesPOM.TC001_CreateLead@149cea0]" name="beforeMethod" is-config="true" duration-ms="7167" started-at="2018-08-12T05:42:30Z" finished-at="2018-08-12T05:42:37Z">
          <reporter-output>
          </reporter-output>
        </test-method> <!-- beforeMethod -->
        <test-method status="PASS" signature="createLead(java.lang.String, java.lang.String, java.lang.String, java.lang.String, java.lang.String, java.lang.String)[pri:0, instance:testCasesPOM.TC001_CreateLead@149cea0]" name="createLead" duration-ms="12024" started-at="2018-08-12T05:42:37Z" data-provider="getData" finished-at="2018-08-12T05:42:49Z">
          <params>
            <param index="0">
              <value>
                <![CDATA[DemoSalesManager]]>
              </value>
            </param>
            <param index="1">
              <value>
                <![CDATA[crmsfa]]>
              </value>
            </param>
            <param index="2">
              <value>
                <![CDATA[Renault]]>
              </value>
            </param>
            <param index="3">
              <value>
                <![CDATA[Navas]]>
              </value>
            </param>
            <param index="4">
              <value>
                <![CDATA[M]]>
              </value>
            </param>
            <param index="5">
              <value>
                <![CDATA[962258666]]>
              </value>
            </param>
          </params>
          <reporter-output>
          </reporter-output>
        </test-method> <!-- createLead -->
        <test-method status="PASS" signature="afterMethod()[pri:0, instance:testCasesPOM.TC001_CreateLead@149cea0]" name="afterMethod" is-config="true" duration-ms="739" started-at="2018-08-12T05:42:49Z" finished-at="2018-08-12T05:42:50Z">
          <reporter-output>
          </reporter-output>
        </test-method> <!-- afterMethod -->
        <test-method status="PASS" signature="afterSuite()[pri:0, instance:testCasesPOM.TC001_CreateLead@149cea0]" name="afterSuite" is-config="true" duration-ms="1113" started-at="2018-08-12T05:42:50Z" finished-at="2018-08-12T05:42:51Z">
          <reporter-output>
          </reporter-output>
        </test-method> <!-- afterSuite -->
      </class> <!-- testCasesPOM.TC001_CreateLead -->
    </test> <!-- Test -->
  </suite> <!-- Suite -->
</testng-results>
